<?xml version="1.0" encoding="UTF-8"?>
<testsuite name="goormton.postappproject.service.PostServiceTest" tests="1" skipped="0" failures="0" errors="0" timestamp="2024-03-07T12:45:44" hostname="yunha-eun-ui-MacBookPro.local" time="0.298">
  <properties/>
  <testcase name="삭제된 게시글은 수정할 수 없다." classname="goormton.postappproject.service.PostServiceTest" time="0.298"/>
  <system-out><![CDATA[21:45:43.201 [Test worker] INFO org.springframework.test.context.support.AnnotationConfigContextLoaderUtils -- Could not detect default configuration classes for test class [goormton.postappproject.service.PostServiceTest]: PostServiceTest does not declare any static, non-private, non-final, nested classes annotated with @Configuration.
21:45:43.242 [Test worker] INFO org.springframework.boot.test.context.SpringBootTestContextBootstrapper -- Found @SpringBootConfiguration goormton.postappproject.PostAppProjectApplication for test class goormton.postappproject.service.PostServiceTest

  .   ____          _            __ _ _
 /\\ / ___'_ __ _ _(_)_ __  __ _ \ \ \ \
( ( )\___ | '_ | '_| | '_ \/ _` | \ \ \ \
 \\/  ___)| |_)| | | | | || (_| |  ) ) ) )
  '  |____| .__|_| |_|_| |_\__, | / / / /
 =========|_|==============|___/=/_/_/_/
 :: Spring Boot ::                (v3.2.3)

2024-03-07T21:45:43.377+09:00  INFO 16669 --- [    Test worker] g.p.service.PostServiceTest              : Starting PostServiceTest using Java 17.0.9 with PID 16669 (started by haeun in /Users/haeun/Desktop/goormton/spring/postAppProject)
2024-03-07T21:45:43.378+09:00  INFO 16669 --- [    Test worker] g.p.service.PostServiceTest              : No active profile set, falling back to 1 default profile: "default"
2024-03-07T21:45:43.609+09:00  INFO 16669 --- [    Test worker] .s.d.r.c.RepositoryConfigurationDelegate : Bootstrapping Spring Data JPA repositories in DEFAULT mode.
2024-03-07T21:45:43.618+09:00  INFO 16669 --- [    Test worker] .s.d.r.c.RepositoryConfigurationDelegate : Finished Spring Data repository scanning in 6 ms. Found 0 JPA repository interfaces.
2024-03-07T21:45:43.769+09:00  INFO 16669 --- [    Test worker] o.hibernate.jpa.internal.util.LogHelper  : HHH000204: Processing PersistenceUnitInfo [name: default]
2024-03-07T21:45:43.790+09:00  INFO 16669 --- [    Test worker] org.hibernate.Version                    : HHH000412: Hibernate ORM core version 6.4.4.Final
2024-03-07T21:45:43.802+09:00  INFO 16669 --- [    Test worker] o.h.c.internal.RegionFactoryInitiator    : HHH000026: Second-level cache disabled
2024-03-07T21:45:43.885+09:00  INFO 16669 --- [    Test worker] o.s.o.j.p.SpringPersistenceUnitInfo      : No LoadTimeWeaver setup: ignoring JPA class transformer
2024-03-07T21:45:43.897+09:00  INFO 16669 --- [    Test worker] com.zaxxer.hikari.HikariDataSource       : HikariPool-1 - Starting...
2024-03-07T21:45:43.930+09:00  INFO 16669 --- [    Test worker] com.zaxxer.hikari.pool.HikariPool        : HikariPool-1 - Added connection conn0: url=jdbc:h2:tcp://localhost/~/postapp user=HACO
2024-03-07T21:45:43.931+09:00  INFO 16669 --- [    Test worker] com.zaxxer.hikari.HikariDataSource       : HikariPool-1 - Start completed.
2024-03-07T21:45:44.279+09:00  INFO 16669 --- [    Test worker] o.h.e.t.j.p.i.JtaPlatformInitiator       : HHH000489: No JTA platform available (set 'hibernate.transaction.jta.platform' to enable JTA platform integration)
2024-03-07T21:45:44.284+09:00 DEBUG 16669 --- [    Test worker] org.hibernate.SQL                        : drop table if exists comment cascade 
2024-03-07T21:45:44.286+09:00 DEBUG 16669 --- [    Test worker] org.hibernate.SQL                        : drop table if exists post cascade 
2024-03-07T21:45:44.288+09:00 DEBUG 16669 --- [    Test worker] org.hibernate.SQL                        : create table comment (is_deleted boolean not null, comment_id bigint generated by default as identity, post_id bigint, content varchar(255), primary key (comment_id))
2024-03-07T21:45:44.289+09:00 DEBUG 16669 --- [    Test worker] org.hibernate.SQL                        : create table post (is_deleted boolean not null, created_date timestamp(6), post_id bigint generated by default as identity, content varchar(255), title varchar(255), primary key (post_id))
2024-03-07T21:45:44.290+09:00 DEBUG 16669 --- [    Test worker] org.hibernate.SQL                        : alter table if exists comment add constraint FKs1slvnkuemjsq2kj4h3vhx7i1 foreign key (post_id) references post
2024-03-07T21:45:44.292+09:00  INFO 16669 --- [    Test worker] j.LocalContainerEntityManagerFactoryBean : Initialized JPA EntityManagerFactory for persistence unit 'default'
2024-03-07T21:45:44.374+09:00  WARN 16669 --- [    Test worker] JpaBaseConfiguration$JpaWebConfiguration : spring.jpa.open-in-view is enabled by default. Therefore, database queries may be performed during view rendering. Explicitly configure spring.jpa.open-in-view to disable this warning
2024-03-07T21:45:44.384+09:00  INFO 16669 --- [    Test worker] o.s.b.a.w.s.WelcomePageHandlerMapping    : Adding welcome page template: index
2024-03-07T21:45:44.528+09:00  INFO 16669 --- [    Test worker] g.p.service.PostServiceTest              : Started PostServiceTest in 1.233 seconds (process running for 1.649)
2024-03-07T21:45:44.811+09:00 DEBUG 16669 --- [    Test worker] org.hibernate.SQL                        : insert into post (content,created_date,is_deleted,title,post_id) values (?,?,?,?,default)
2024-03-07T21:45:44.821+09:00  INFO 16669 --- [    Test worker] g.postappproject.service.PostService     : === insert.id 1 ===
2024-03-07T21:45:44.822+09:00 DEBUG 16669 --- [    Test worker] org.hibernate.SQL                        : insert into post (content,created_date,is_deleted,title,post_id) values (?,?,?,?,default)
2024-03-07T21:45:44.823+09:00  INFO 16669 --- [    Test worker] g.postappproject.service.PostService     : === insert.id 2 ===
2024-03-07T21:45:44.825+09:00  INFO 16669 --- [    Test worker] g.postappproject.service.PostService     : === delete.id 1 ===
2024-03-07T21:45:44.825+09:00  INFO 16669 --- [    Test worker] g.postappproject.service.PostService     : === findOne.id 1 ===
2024-03-07T21:45:44.828+09:00  INFO 16669 --- [    Test worker] g.postappproject.service.PostService     : === clear ===
]]></system-out>
  <system-err><![CDATA[]]></system-err>
</testsuite>
