<?xml version="1.0" encoding="UTF-8"?>
<testsuite name="goormton.postappproject.service.PostServiceTest" tests="1" skipped="0" failures="0" errors="0" timestamp="2024-03-08T08:04:41" hostname="yunha-eun-ui-MacBookPro.local" time="0.316">
  <properties/>
  <testcase name="게시글 삭제 시 댓글도 삭제되는지 테스트" classname="goormton.postappproject.service.PostServiceTest" time="0.316"/>
  <system-out><![CDATA[17:04:40.235 [Test worker] INFO org.springframework.test.context.support.AnnotationConfigContextLoaderUtils -- Could not detect default configuration classes for test class [goormton.postappproject.service.PostServiceTest]: PostServiceTest does not declare any static, non-private, non-final, nested classes annotated with @Configuration.
17:04:40.271 [Test worker] INFO org.springframework.boot.test.context.SpringBootTestContextBootstrapper -- Found @SpringBootConfiguration goormton.postappproject.PostAppProjectApplication for test class goormton.postappproject.service.PostServiceTest

  .   ____          _            __ _ _
 /\\ / ___'_ __ _ _(_)_ __  __ _ \ \ \ \
( ( )\___ | '_ | '_| | '_ \/ _` | \ \ \ \
 \\/  ___)| |_)| | | | | || (_| |  ) ) ) )
  '  |____| .__|_| |_|_| |_\__, | / / / /
 =========|_|==============|___/=/_/_/_/
 :: Spring Boot ::                (v3.2.3)

2024-03-08T17:04:40.410+09:00  INFO 4661 --- [    Test worker] g.p.service.PostServiceTest              : Starting PostServiceTest using Java 17.0.9 with PID 4661 (started by haeun in /Users/haeun/Desktop/goormton/spring/postAppProject)
2024-03-08T17:04:40.411+09:00  INFO 4661 --- [    Test worker] g.p.service.PostServiceTest              : No active profile set, falling back to 1 default profile: "default"
2024-03-08T17:04:40.646+09:00  INFO 4661 --- [    Test worker] .s.d.r.c.RepositoryConfigurationDelegate : Bootstrapping Spring Data JPA repositories in DEFAULT mode.
2024-03-08T17:04:40.655+09:00  INFO 4661 --- [    Test worker] .s.d.r.c.RepositoryConfigurationDelegate : Finished Spring Data repository scanning in 5 ms. Found 0 JPA repository interfaces.
2024-03-08T17:04:40.842+09:00  INFO 4661 --- [    Test worker] o.hibernate.jpa.internal.util.LogHelper  : HHH000204: Processing PersistenceUnitInfo [name: default]
2024-03-08T17:04:40.863+09:00  INFO 4661 --- [    Test worker] org.hibernate.Version                    : HHH000412: Hibernate ORM core version 6.4.4.Final
2024-03-08T17:04:40.878+09:00  INFO 4661 --- [    Test worker] o.h.c.internal.RegionFactoryInitiator    : HHH000026: Second-level cache disabled
2024-03-08T17:04:40.973+09:00  INFO 4661 --- [    Test worker] o.s.o.j.p.SpringPersistenceUnitInfo      : No LoadTimeWeaver setup: ignoring JPA class transformer
2024-03-08T17:04:40.985+09:00  INFO 4661 --- [    Test worker] com.zaxxer.hikari.HikariDataSource       : HikariPool-1 - Starting...
2024-03-08T17:04:41.022+09:00  INFO 4661 --- [    Test worker] com.zaxxer.hikari.pool.HikariPool        : HikariPool-1 - Added connection conn0: url=jdbc:h2:tcp://localhost/~/postapp user=HACO
2024-03-08T17:04:41.023+09:00  INFO 4661 --- [    Test worker] com.zaxxer.hikari.HikariDataSource       : HikariPool-1 - Start completed.
2024-03-08T17:04:41.394+09:00  INFO 4661 --- [    Test worker] o.h.e.t.j.p.i.JtaPlatformInitiator       : HHH000489: No JTA platform available (set 'hibernate.transaction.jta.platform' to enable JTA platform integration)
2024-03-08T17:04:41.399+09:00 DEBUG 4661 --- [    Test worker] org.hibernate.SQL                        : drop table if exists comment cascade 
2024-03-08T17:04:41.401+09:00 DEBUG 4661 --- [    Test worker] org.hibernate.SQL                        : drop table if exists post cascade 
2024-03-08T17:04:41.403+09:00 DEBUG 4661 --- [    Test worker] org.hibernate.SQL                        : create table comment (is_deleted boolean not null, comment_id bigint generated by default as identity, post_id bigint, content varchar(255), primary key (comment_id))
2024-03-08T17:04:41.404+09:00 DEBUG 4661 --- [    Test worker] org.hibernate.SQL                        : create table post (is_deleted boolean not null, created_date timestamp(6), post_id bigint generated by default as identity, content varchar(255), title varchar(255), primary key (post_id))
2024-03-08T17:04:41.404+09:00 DEBUG 4661 --- [    Test worker] org.hibernate.SQL                        : alter table if exists comment add constraint FKs1slvnkuemjsq2kj4h3vhx7i1 foreign key (post_id) references post
2024-03-08T17:04:41.406+09:00  INFO 4661 --- [    Test worker] j.LocalContainerEntityManagerFactoryBean : Initialized JPA EntityManagerFactory for persistence unit 'default'
2024-03-08T17:04:41.497+09:00  WARN 4661 --- [    Test worker] JpaBaseConfiguration$JpaWebConfiguration : spring.jpa.open-in-view is enabled by default. Therefore, database queries may be performed during view rendering. Explicitly configure spring.jpa.open-in-view to disable this warning
2024-03-08T17:04:41.509+09:00  INFO 4661 --- [    Test worker] o.s.b.a.w.s.WelcomePageHandlerMapping    : Adding welcome page template: index
2024-03-08T17:04:41.669+09:00  INFO 4661 --- [    Test worker] g.p.service.PostServiceTest              : Started PostServiceTest in 1.344 seconds (process running for 1.772)
2024-03-08T17:04:41.969+09:00 DEBUG 4661 --- [    Test worker] org.hibernate.SQL                        : insert into post (content,created_date,is_deleted,title,post_id) values (?,?,?,?,default)
2024-03-08T17:04:41.980+09:00  INFO 4661 --- [    Test worker] g.postappproject.service.PostService     : === insert.id 1 ===
2024-03-08T17:04:41.980+09:00 DEBUG 4661 --- [    Test worker] org.hibernate.SQL                        : insert into post (content,created_date,is_deleted,title,post_id) values (?,?,?,?,default)
2024-03-08T17:04:41.981+09:00  INFO 4661 --- [    Test worker] g.postappproject.service.PostService     : === insert.id 2 ===
2024-03-08T17:04:41.983+09:00 DEBUG 4661 --- [    Test worker] org.hibernate.SQL                        : insert into comment (content,is_deleted,post_id,comment_id) values (?,?,?,default)
2024-03-08T17:04:41.984+09:00  INFO 4661 --- [    Test worker] g.postappproject.service.CommentService  : === comment insert.id 1 ===
2024-03-08T17:04:41.984+09:00 DEBUG 4661 --- [    Test worker] org.hibernate.SQL                        : insert into comment (content,is_deleted,post_id,comment_id) values (?,?,?,default)
2024-03-08T17:04:41.985+09:00  INFO 4661 --- [    Test worker] g.postappproject.service.CommentService  : === comment insert.id 2 ===
2024-03-08T17:04:41.986+09:00  INFO 4661 --- [    Test worker] g.postappproject.service.PostService     : === findOne.id 1 ===
2024-03-08T17:04:41.987+09:00  INFO 4661 --- [    Test worker] g.postappproject.service.CommentService  : === comment delete all===
2024-03-08T17:04:41.987+09:00  INFO 4661 --- [    Test worker] g.postappproject.service.PostService     : === delete.id 1 ===
2024-03-08T17:04:41.988+09:00  INFO 4661 --- [    Test worker] g.postappproject.service.PostService     : === findOne.id 1 ===
2024-03-08T17:04:41.989+09:00  INFO 4661 --- [    Test worker] g.postappproject.service.PostService     : === clear ===
]]></system-out>
  <system-err><![CDATA[]]></system-err>
</testsuite>
