<?xml version="1.0" encoding="UTF-8"?>
<testsuite name="goormton.postappproject.service.PostServiceTest" tests="1" skipped="0" failures="0" errors="0" timestamp="2024-03-08T14:00:19" hostname="yunha-eun-ui-MacBookPro.local" time="0.274">
  <properties/>
  <testcase name="게시글 수정" classname="goormton.postappproject.service.PostServiceTest" time="0.274"/>
  <system-out><![CDATA[23:00:17.779 [Test worker] INFO org.springframework.test.context.support.AnnotationConfigContextLoaderUtils -- Could not detect default configuration classes for test class [goormton.postappproject.service.PostServiceTest]: PostServiceTest does not declare any static, non-private, non-final, nested classes annotated with @Configuration.
23:00:17.823 [Test worker] INFO org.springframework.boot.test.context.SpringBootTestContextBootstrapper -- Found @SpringBootConfiguration goormton.postappproject.PostAppProjectApplication for test class goormton.postappproject.service.PostServiceTest

  .   ____          _            __ _ _
 /\\ / ___'_ __ _ _(_)_ __  __ _ \ \ \ \
( ( )\___ | '_ | '_| | '_ \/ _` | \ \ \ \
 \\/  ___)| |_)| | | | | || (_| |  ) ) ) )
  '  |____| .__|_| |_|_| |_\__, | / / / /
 =========|_|==============|___/=/_/_/_/
 :: Spring Boot ::                (v3.2.3)

2024-03-08T23:00:17.964+09:00  INFO 7536 --- [    Test worker] g.p.service.PostServiceTest              : Starting PostServiceTest using Java 17.0.9 with PID 7536 (started by haeun in /Users/haeun/Desktop/goormton/spring/postAppProject)
2024-03-08T23:00:17.965+09:00  INFO 7536 --- [    Test worker] g.p.service.PostServiceTest              : No active profile set, falling back to 1 default profile: "default"
2024-03-08T23:00:18.201+09:00  INFO 7536 --- [    Test worker] .s.d.r.c.RepositoryConfigurationDelegate : Bootstrapping Spring Data JPA repositories in DEFAULT mode.
2024-03-08T23:00:18.210+09:00  INFO 7536 --- [    Test worker] .s.d.r.c.RepositoryConfigurationDelegate : Finished Spring Data repository scanning in 5 ms. Found 0 JPA repository interfaces.
2024-03-08T23:00:18.371+09:00  INFO 7536 --- [    Test worker] o.hibernate.jpa.internal.util.LogHelper  : HHH000204: Processing PersistenceUnitInfo [name: default]
2024-03-08T23:00:18.397+09:00  INFO 7536 --- [    Test worker] org.hibernate.Version                    : HHH000412: Hibernate ORM core version 6.4.4.Final
2024-03-08T23:00:18.411+09:00  INFO 7536 --- [    Test worker] o.h.c.internal.RegionFactoryInitiator    : HHH000026: Second-level cache disabled
2024-03-08T23:00:18.508+09:00  INFO 7536 --- [    Test worker] o.s.o.j.p.SpringPersistenceUnitInfo      : No LoadTimeWeaver setup: ignoring JPA class transformer
2024-03-08T23:00:18.520+09:00  INFO 7536 --- [    Test worker] com.zaxxer.hikari.HikariDataSource       : HikariPool-1 - Starting...
2024-03-08T23:00:18.556+09:00  INFO 7536 --- [    Test worker] com.zaxxer.hikari.pool.HikariPool        : HikariPool-1 - Added connection conn0: url=jdbc:h2:tcp://localhost/~/postapp user=HACO
2024-03-08T23:00:18.556+09:00  INFO 7536 --- [    Test worker] com.zaxxer.hikari.HikariDataSource       : HikariPool-1 - Start completed.
2024-03-08T23:00:18.930+09:00  INFO 7536 --- [    Test worker] o.h.e.t.j.p.i.JtaPlatformInitiator       : HHH000489: No JTA platform available (set 'hibernate.transaction.jta.platform' to enable JTA platform integration)
2024-03-08T23:00:18.936+09:00 DEBUG 7536 --- [    Test worker] org.hibernate.SQL                        : drop table if exists comment cascade 
2024-03-08T23:00:18.938+09:00 DEBUG 7536 --- [    Test worker] org.hibernate.SQL                        : drop table if exists post cascade 
2024-03-08T23:00:18.940+09:00 DEBUG 7536 --- [    Test worker] org.hibernate.SQL                        : create table comment (is_deleted boolean not null, comment_id bigint generated by default as identity, post_id bigint, content varchar(255), primary key (comment_id))
2024-03-08T23:00:18.941+09:00 DEBUG 7536 --- [    Test worker] org.hibernate.SQL                        : create table post (is_deleted boolean not null, created_date timestamp(6), post_id bigint generated by default as identity, content varchar(255), title varchar(255), primary key (post_id))
2024-03-08T23:00:18.943+09:00 DEBUG 7536 --- [    Test worker] org.hibernate.SQL                        : alter table if exists comment add constraint FKs1slvnkuemjsq2kj4h3vhx7i1 foreign key (post_id) references post
2024-03-08T23:00:18.945+09:00  INFO 7536 --- [    Test worker] j.LocalContainerEntityManagerFactoryBean : Initialized JPA EntityManagerFactory for persistence unit 'default'
2024-03-08T23:00:19.009+09:00 DEBUG 7536 --- [    Test worker] org.hibernate.SQL                        : insert into post (content,created_date,is_deleted,title,post_id) values (?,?,?,?,default)
2024-03-08T23:00:19.019+09:00  INFO 7536 --- [    Test worker] g.postappproject.service.PostService     : === insert.id 1 ===
2024-03-08T23:00:19.023+09:00 DEBUG 7536 --- [    Test worker] org.hibernate.SQL                        : insert into post (content,created_date,is_deleted,title,post_id) values (?,?,?,?,default)
2024-03-08T23:00:19.024+09:00  INFO 7536 --- [    Test worker] g.postappproject.service.PostService     : === insert.id 2 ===
2024-03-08T23:00:19.024+09:00 DEBUG 7536 --- [    Test worker] org.hibernate.SQL                        : insert into post (content,created_date,is_deleted,title,post_id) values (?,?,?,?,default)
2024-03-08T23:00:19.025+09:00  INFO 7536 --- [    Test worker] g.postappproject.service.PostService     : === insert.id 3 ===
2024-03-08T23:00:19.026+09:00 DEBUG 7536 --- [    Test worker] org.hibernate.SQL                        : insert into post (content,created_date,is_deleted,title,post_id) values (?,?,?,?,default)
2024-03-08T23:00:19.026+09:00  INFO 7536 --- [    Test worker] g.postappproject.service.PostService     : === insert.id 4 ===
2024-03-08T23:00:19.027+09:00 DEBUG 7536 --- [    Test worker] org.hibernate.SQL                        : insert into post (content,created_date,is_deleted,title,post_id) values (?,?,?,?,default)
2024-03-08T23:00:19.027+09:00  INFO 7536 --- [    Test worker] g.postappproject.service.PostService     : === insert.id 5 ===
2024-03-08T23:00:19.028+09:00 DEBUG 7536 --- [    Test worker] org.hibernate.SQL                        : insert into post (content,created_date,is_deleted,title,post_id) values (?,?,?,?,default)
2024-03-08T23:00:19.028+09:00  INFO 7536 --- [    Test worker] g.postappproject.service.PostService     : === insert.id 6 ===
2024-03-08T23:00:19.029+09:00 DEBUG 7536 --- [    Test worker] org.hibernate.SQL                        : insert into post (content,created_date,is_deleted,title,post_id) values (?,?,?,?,default)
2024-03-08T23:00:19.029+09:00  INFO 7536 --- [    Test worker] g.postappproject.service.PostService     : === insert.id 7 ===
2024-03-08T23:00:19.030+09:00 DEBUG 7536 --- [    Test worker] org.hibernate.SQL                        : insert into post (content,created_date,is_deleted,title,post_id) values (?,?,?,?,default)
2024-03-08T23:00:19.031+09:00  INFO 7536 --- [    Test worker] g.postappproject.service.PostService     : === insert.id 8 ===
2024-03-08T23:00:19.031+09:00 DEBUG 7536 --- [    Test worker] org.hibernate.SQL                        : insert into post (content,created_date,is_deleted,title,post_id) values (?,?,?,?,default)
2024-03-08T23:00:19.032+09:00  INFO 7536 --- [    Test worker] g.postappproject.service.PostService     : === insert.id 9 ===
2024-03-08T23:00:19.043+09:00 DEBUG 7536 --- [    Test worker] org.hibernate.SQL                        : select p1_0.post_id,p1_0.content,p1_0.created_date,p1_0.is_deleted,p1_0.title from post p1_0 where p1_0.post_id=?
2024-03-08T23:00:19.046+09:00 DEBUG 7536 --- [    Test worker] org.hibernate.SQL                        : insert into comment (content,is_deleted,post_id,comment_id) values (?,?,?,default)
2024-03-08T23:00:19.047+09:00  INFO 7536 --- [    Test worker] g.postappproject.service.CommentService  : === comment insert.id 1 ===
2024-03-08T23:00:19.048+09:00 DEBUG 7536 --- [    Test worker] org.hibernate.SQL                        : select p1_0.post_id,p1_0.content,p1_0.created_date,p1_0.is_deleted,p1_0.title from post p1_0 where p1_0.post_id=?
2024-03-08T23:00:19.049+09:00 DEBUG 7536 --- [    Test worker] org.hibernate.SQL                        : insert into comment (content,is_deleted,post_id,comment_id) values (?,?,?,default)
2024-03-08T23:00:19.049+09:00  INFO 7536 --- [    Test worker] g.postappproject.service.CommentService  : === comment insert.id 2 ===
2024-03-08T23:00:19.052+09:00  WARN 7536 --- [    Test worker] JpaBaseConfiguration$JpaWebConfiguration : spring.jpa.open-in-view is enabled by default. Therefore, database queries may be performed during view rendering. Explicitly configure spring.jpa.open-in-view to disable this warning
2024-03-08T23:00:19.240+09:00  INFO 7536 --- [    Test worker] g.p.service.PostServiceTest              : Started PostServiceTest in 1.362 seconds (process running for 1.796)
2024-03-08T23:00:19.503+09:00 DEBUG 7536 --- [    Test worker] org.hibernate.SQL                        : insert into post (content,created_date,is_deleted,title,post_id) values (?,?,?,?,default)
2024-03-08T23:00:19.504+09:00  INFO 7536 --- [    Test worker] g.postappproject.service.PostService     : === insert.id 10 ===
2024-03-08T23:00:19.504+09:00 DEBUG 7536 --- [    Test worker] org.hibernate.SQL                        : insert into post (content,created_date,is_deleted,title,post_id) values (?,?,?,?,default)
2024-03-08T23:00:19.504+09:00  INFO 7536 --- [    Test worker] g.postappproject.service.PostService     : === insert.id 11 ===
2024-03-08T23:00:19.505+09:00 DEBUG 7536 --- [    Test worker] org.hibernate.SQL                        : select p1_0.post_id,p1_0.content,p1_0.created_date,p1_0.is_deleted,p1_0.title from post p1_0 where p1_0.post_id=?
2024-03-08T23:00:19.505+09:00 DEBUG 7536 --- [    Test worker] org.hibernate.SQL                        : insert into comment (content,is_deleted,post_id,comment_id) values (?,?,?,default)
2024-03-08T23:00:19.506+09:00  INFO 7536 --- [    Test worker] g.postappproject.service.CommentService  : === comment insert.id 3 ===
2024-03-08T23:00:19.506+09:00 DEBUG 7536 --- [    Test worker] org.hibernate.SQL                        : insert into comment (content,is_deleted,post_id,comment_id) values (?,?,?,default)
2024-03-08T23:00:19.507+09:00  INFO 7536 --- [    Test worker] g.postappproject.service.CommentService  : === comment insert.id 4 ===
2024-03-08T23:00:19.508+09:00  INFO 7536 --- [    Test worker] g.postappproject.service.PostService     : === findOne.id 1 ===
2024-03-08T23:00:19.511+09:00 DEBUG 7536 --- [    Test worker] org.hibernate.SQL                        : select cl1_0.post_id,cl1_0.comment_id,cl1_0.content,cl1_0.is_deleted from comment cl1_0 where cl1_0.post_id=?
2024-03-08T23:00:19.513+09:00  INFO 7536 --- [    Test worker] g.postappproject.service.PostService     : === update.id 1 ===
2024-03-08T23:00:19.513+09:00  INFO 7536 --- [    Test worker] g.postappproject.service.PostService     : === findOne.id 1 ===
2024-03-08T23:00:19.516+09:00  INFO 7536 --- [    Test worker] g.postappproject.service.PostService     : === clear ===
]]></system-out>
  <system-err><![CDATA[]]></system-err>
</testsuite>
